Hammerdb Log @ Mon Nov 13 18:43:14 -03 2023
+-+-+-+-+-+-+-+-+-+-+-+-+-+-+-+-+-+-+-+-+-+-
Timestamp 1 @ Mon Nov 13 18:43:21 -03 2023
Vuser 1:New Sales refresh
Timestamp 1 @ Mon Nov 13 18:43:27 -03 2023
Vuser 1:New Sales refresh complete in 5.498 seconds
Timestamp 1 @ Mon Nov 13 18:43:27 -03 2023
Vuser 1:Completed 1 update set(s)
Timestamp 1 @ Mon Nov 13 18:43:27 -03 2023
Vuser 1:Verifying the scale factor of the existing schema...
Timestamp 1 @ Mon Nov 13 18:43:27 -03 2023
Vuser 1:Executing Query 14 (1 of 22)
Timestamp 1 @ Mon Nov 13 18:43:29 -03 2023
Vuser 1:query 14 completed in 2.224 seconds
Timestamp 1 @ Mon Nov 13 18:43:29 -03 2023
Vuser 1:Executing Query 2 (2 of 22)
Timestamp 1 @ Mon Nov 13 18:43:29 -03 2023
Vuser 1:query 2 completed in 0.383 seconds
Timestamp 1 @ Mon Nov 13 18:43:29 -03 2023
Vuser 1:Executing Query 9 (3 of 22)
Timestamp 1 @ Mon Nov 13 18:43:30 -03 2023
Vuser 1:query 9 completed in 0.782 seconds
Timestamp 1 @ Mon Nov 13 18:43:30 -03 2023
Vuser 1:Executing Query 20 (4 of 22)
Timestamp 1 @ Mon Nov 13 18:43:30 -03 2023
Vuser 1:query 20 completed in 0.136 seconds
Timestamp 1 @ Mon Nov 13 18:43:30 -03 2023
Vuser 1:Executing Query 6 (5 of 22)
Timestamp 1 @ Mon Nov 13 18:43:31 -03 2023
Vuser 1:query 6 completed in 0.382 seconds
Timestamp 1 @ Mon Nov 13 18:43:31 -03 2023
Vuser 1:Executing Query 17 (6 of 22)
Timestamp 1 @ Mon Nov 13 18:43:31 -03 2023
Vuser 1:query 17 completed in 0.184 seconds
Timestamp 1 @ Mon Nov 13 18:43:31 -03 2023
Vuser 1:Executing Query 18 (7 of 22)
Timestamp 1 @ Mon Nov 13 18:43:35 -03 2023
Vuser 1:query 18 completed in 3.52 seconds
Timestamp 1 @ Mon Nov 13 18:43:35 -03 2023
Vuser 1:Executing Query 8 (8 of 22)
Timestamp 1 @ Mon Nov 13 18:43:35 -03 2023
Vuser 1:query 8 completed in 0.205 seconds
Timestamp 1 @ Mon Nov 13 18:43:35 -03 2023
Vuser 1:Executing Query 21 (9 of 22)
Timestamp 1 @ Mon Nov 13 18:43:36 -03 2023
Vuser 1:query 21 completed in 1.032 seconds
Timestamp 1 @ Mon Nov 13 18:43:36 -03 2023
Vuser 1:Executing Query 13 (10 of 22)
Timestamp 1 @ Mon Nov 13 18:43:38 -03 2023
Vuser 1:query 13 completed in 2.339 seconds
Timestamp 1 @ Mon Nov 13 18:43:38 -03 2023
Vuser 1:Executing Query 3 (11 of 22)
Timestamp 1 @ Mon Nov 13 18:43:39 -03 2023
Vuser 1:query 3 completed in 0.611 seconds
Timestamp 1 @ Mon Nov 13 18:43:39 -03 2023
Vuser 1:Executing Query 22 (12 of 22)
Timestamp 1 @ Mon Nov 13 18:43:39 -03 2023
Vuser 1:query 22 completed in 0.108 seconds
Timestamp 1 @ Mon Nov 13 18:43:39 -03 2023
Vuser 1:Executing Query 16 (13 of 22)
Timestamp 1 @ Mon Nov 13 18:43:40 -03 2023
Vuser 1:query 16 completed in 0.772 seconds
Timestamp 1 @ Mon Nov 13 18:43:40 -03 2023
Vuser 1:Executing Query 4 (14 of 22)
Timestamp 1 @ Mon Nov 13 18:43:40 -03 2023
Vuser 1:query 4 completed in 0.252 seconds
Timestamp 1 @ Mon Nov 13 18:43:40 -03 2023
Vuser 1:Executing Query 11 (15 of 22)
Timestamp 1 @ Mon Nov 13 18:43:40 -03 2023
Vuser 1:query 11 completed in 0.102 seconds
Timestamp 1 @ Mon Nov 13 18:43:40 -03 2023
Vuser 1:Executing Query 15 (16 of 22)
Timestamp 1 @ Mon Nov 13 18:43:43 -03 2023
Vuser 1:query 15 completed in 3.315 seconds
Timestamp 1 @ Mon Nov 13 18:43:43 -03 2023
Vuser 1:Executing Query 1 (17 of 22)
Timestamp 1 @ Mon Nov 13 18:43:46 -03 2023
Vuser 1:query 1 completed in 2.814 seconds
Timestamp 1 @ Mon Nov 13 18:43:46 -03 2023
Vuser 1:Executing Query 10 (18 of 22)
Timestamp 1 @ Mon Nov 13 18:43:47 -03 2023
Vuser 1:query 10 completed in 0.893 seconds
Timestamp 1 @ Mon Nov 13 18:43:47 -03 2023
Vuser 1:Executing Query 19 (19 of 22)
Timestamp 1 @ Mon Nov 13 18:43:47 -03 2023
Vuser 1:query 19 completed in 0.071 seconds
Timestamp 1 @ Mon Nov 13 18:43:47 -03 2023
Vuser 1:Executing Query 5 (20 of 22)
Timestamp 1 @ Mon Nov 13 18:43:48 -03 2023
Vuser 1:query 5 completed in 0.366 seconds
Timestamp 1 @ Mon Nov 13 18:43:48 -03 2023
Vuser 1:Executing Query 7 (21 of 22)
Timestamp 1 @ Mon Nov 13 18:43:48 -03 2023
Vuser 1:query 7 completed in 0.425 seconds
Timestamp 1 @ Mon Nov 13 18:43:48 -03 2023
Vuser 1:Executing Query 12 (22 of 22)
Timestamp 1 @ Mon Nov 13 18:43:49 -03 2023
Vuser 1:query 12 completed in 0.875 seconds
Timestamp 1 @ Mon Nov 13 18:43:49 -03 2023
Vuser 1:Completed 1 query set(s) in 22 seconds
Timestamp 1 @ Mon Nov 13 18:43:49 -03 2023
Vuser 1:Geometric mean of query times returning rows (22) is 0.53747
Timestamp 1 @ Mon Nov 13 18:43:49 -03 2023
Vuser 1:Old Sales refresh
Timestamp 1 @ Mon Nov 13 18:43:50 -03 2023
Vuser 1:Old Sales refresh complete in 0.628 seconds
Timestamp 1 @ Mon Nov 13 18:43:50 -03 2023
Vuser 1:Completed 1 update set(s)
